GasolApp/app/build/intermediates/manifest_merge_blame_file/debug/manifest-merger-blame-debug-report.txt
1<?xml version="1.0" encoding="utf-8"?>
2<manifest xmlns:android="http://schemas.android.com/apk/res/android"
3    package="com.example.gasolapp"
4    android:versionCode="1"
5    android:versionName="1.0" >
6
7    <uses-sdk
8        android:minSdkVersion="24"
8-->src\main\AndroidManifest.xml
9        android:targetSdkVersion="33" />
9-->src\main\AndroidManifest.xml
10
11    <uses-permission android:name="android.permission.ACCESS_FINE_LOCATION" />
11-->src\main\AndroidManifest.xml:5:5-79
11-->src\main\AndroidManifest.xml:5:22-76
12    <uses-permission android:name="android.permission.ACCESS_COARSE_LOCATION" />
12-->src\main\AndroidManifest.xml:6:5-81
12-->src\main\AndroidManifest.xml:6:22-78
13    <uses-permission android:name="android.permission.WRITE_EXTERNAL_STORAGE" />
13-->src\main\AndroidManifest.xml:7:5-81
13-->src\main\AndroidManifest.xml:7:22-78
14    <uses-permission android:name="android.permission.INTERNET" />
14-->src\main\AndroidManifest.xml:8:5-67
14-->src\main\AndroidManifest.xml:8:22-64
15
16    <!-- Include required permissions for Google Maps API to run. -->
17    <uses-permission android:name="android.permission.ACCESS_NETWORK_STATE" />
17-->[com.google.android.gms:play-services-maps:18.1.0] AndroidManifest.xml:23:5-79
17-->[com.google.android.gms:play-services-maps:18.1.0] AndroidManifest.xml:23:22-76
18
19    <uses-feature
19-->[com.google.android.gms:play-services-maps:18.1.0] AndroidManifest.xml:26:5-28:35
20        android:glEsVersion="0x00020000"
20-->[com.google.android.gms:play-services-maps:18.1.0] AndroidManifest.xml:27:9-41
21        android:required="true" />
21-->[com.google.android.gms:play-services-maps:18.1.0] AndroidManifest.xml:28:9-32
22
23    <queries>
23-->[com.google.android.gms:play-services-maps:18.1.0] AndroidManifest.xml:30:5-34:15
24
25        <!-- Needs to be explicitly declared on Android R+ -->
26        <package android:name="com.google.android.apps.maps" />
26-->[com.google.android.gms:play-services-maps:18.1.0] AndroidManifest.xml:33:9-64
26-->[com.google.android.gms:play-services-maps:18.1.0] AndroidManifest.xml:33:18-61
27    </queries>
28
29    <permission
29-->[androidx.core:core:1.9.0] AndroidManifest.xml:22:5-24:47
30        android:name="com.example.gasolapp.DYNAMIC_RECEIVER_NOT_EXPORTED_PERMISSION"
30-->[androidx.core:core:1.9.0] AndroidManifest.xml:23:9-81
31        android:protectionLevel="signature" />
31-->[androidx.core:core:1.9.0] AndroidManifest.xml:24:9-44
32
33    <uses-permission android:name="com.example.gasolapp.DYNAMIC_RECEIVER_NOT_EXPORTED_PERMISSION" />
33-->[androidx.core:core:1.9.0] AndroidManifest.xml:26:5-97
33-->[androidx.core:core:1.9.0] AndroidManifest.xml:26:22-94
34
35    <application
35-->src\main\AndroidManifest.xml:10:5-118:19
36        android:allowBackup="true"
36-->src\main\AndroidManifest.xml:11:9-35
37        android:appComponentFactory="androidx.core.app.CoreComponentFactory"
37-->[androidx.core:core:1.9.0] AndroidManifest.xml:28:18-86
38        android:dataExtractionRules="@xml/data_extraction_rules"
38-->src\main\AndroidManifest.xml:12:9-65
39        android:debuggable="true"
40        android:extractNativeLibs="false"
41        android:fullBackupContent="@xml/backup_rules"
41-->src\main\AndroidManifest.xml:13:9-54
42        android:icon="@mipmap/ic_launcher"
42-->src\main\AndroidManifest.xml:14:9-43
43        android:label="@string/app_name"
43-->src\main\AndroidManifest.xml:15:9-41
44        android:roundIcon="@mipmap/ic_launcher_round"
44-->src\main\AndroidManifest.xml:16:9-54
45        android:supportsRtl="true"
45-->src\main\AndroidManifest.xml:17:9-35
46        android:testOnly="true"
47        android:theme="@style/Theme.AppCompat.Light.NoActionBar" >
47-->src\main\AndroidManifest.xml:18:9-65
48        <activity
48-->src\main\AndroidManifest.xml:20:9-27:20
49            android:name="com.example.gasolapp.MenuPrincipal"
49-->src\main\AndroidManifest.xml:21:13-42
50            android:exported="false"
50-->src\main\AndroidManifest.xml:23:13-37
51            android:screenOrientation="portrait" >
51-->src\main\AndroidManifest.xml:22:13-49
52            <meta-data
52-->src\main\AndroidManifest.xml:24:13-26:36
53                android:name="android.app.lib_name"
53-->src\main\AndroidManifest.xml:25:17-52
54                android:value="" />
54-->src\main\AndroidManifest.xml:26:17-33
55        </activity>
56        <!--
57             TODO: Before you run your application, you need a Google Maps API key.
58
59             To get one, follow the directions here:
60
61                https://developers.google.com/maps/documentation/android-sdk/get-api-key
62
63             Once you have your API key (it starts with "AIza"), define a new property in your
64             project's local.properties file (e.g. MAPS_API_KEY=Aiza...), and replace the
65             "YOUR_API_KEY" string in this file with "${MAPS_API_KEY}".
66        -->
67        <meta-data
67-->src\main\AndroidManifest.xml:39:9-41:71
68            android:name="com.google.android.geo.API_KEY"
68-->src\main\AndroidManifest.xml:40:13-58
69            android:value="AIzaSyAFS07q1Job6E0OnrfvXYkVML4LIkN_N7g" />
69-->src\main\AndroidManifest.xml:41:13-68
70        <meta-data
70-->src\main\AndroidManifest.xml:42:9-44:57
71            android:name="preloaded_fonts"
71-->src\main\AndroidManifest.xml:43:13-43
72            android:resource="@array/preloaded_fonts" />
72-->src\main\AndroidManifest.xml:44:13-54
73
74        <activity
74-->src\main\AndroidManifest.xml:46:9-49:39
75            android:name="com.example.gasolapp.MenuPrincipalAdmin"
75-->src\main\AndroidManifest.xml:47:13-47
76            android:exported="false"
76-->src\main\AndroidManifest.xml:49:13-37
77            android:screenOrientation="portrait" />
77-->src\main\AndroidManifest.xml:48:13-49
78        <activity
78-->src\main\AndroidManifest.xml:51:9-54:39
79            android:name="com.example.gasolapp.ListaUsuarios"
79-->src\main\AndroidManifest.xml:52:13-42
80            android:exported="false"
80-->src\main\AndroidManifest.xml:54:13-37
81            android:screenOrientation="portrait" />
81-->src\main\AndroidManifest.xml:53:13-49
82        <activity
82-->src\main\AndroidManifest.xml:56:9-59:39
83            android:name="com.example.gasolapp.EliminarFavoritosAdmin"
83-->src\main\AndroidManifest.xml:57:13-51
84            android:exported="false"
84-->src\main\AndroidManifest.xml:59:13-37
85            android:screenOrientation="portrait" />
85-->src\main\AndroidManifest.xml:58:13-49
86        <activity
86-->src\main\AndroidManifest.xml:61:9-64:39
87            android:name="com.example.gasolapp.EliminarHistorialAdmin"
87-->src\main\AndroidManifest.xml:62:13-51
88            android:exported="false"
88-->src\main\AndroidManifest.xml:64:13-37
89            android:screenOrientation="portrait" />
89-->src\main\AndroidManifest.xml:63:13-49
90        <activity
90-->src\main\AndroidManifest.xml:66:9-69:59
91            android:name="com.example.gasolapp.MapsActivity"
91-->src\main\AndroidManifest.xml:67:13-41
92            android:exported="false"
92-->src\main\AndroidManifest.xml:68:13-37
93            android:label="@string/title_activity_maps" />
93-->src\main\AndroidManifest.xml:69:13-56
94        <activity
94-->src\main\AndroidManifest.xml:71:9-75:48
95            android:name="com.example.gasolapp.ListaGasolineras"
95-->src\main\AndroidManifest.xml:72:13-45
96            android:exported="false"
96-->src\main\AndroidManifest.xml:73:13-37
97            android:label="listaGasolineras"
97-->src\main\AndroidManifest.xml:75:13-45
98            android:screenOrientation="portrait" />
98-->src\main\AndroidManifest.xml:74:13-49
99        <activity
99-->src\main\AndroidManifest.xml:77:9-81:41
100            android:name="com.example.gasolapp.ListaHistorial"
100-->src\main\AndroidManifest.xml:78:13-43
101            android:exported="false"
101-->src\main\AndroidManifest.xml:79:13-37
102            android:label="Historial"
102-->src\main\AndroidManifest.xml:81:13-38
103            android:screenOrientation="portrait" />
103-->src\main\AndroidManifest.xml:80:13-49
104        <activity
104-->src\main\AndroidManifest.xml:82:9-86:46
105            android:name="com.example.gasolapp.ListaFavoritos"
105-->src\main\AndroidManifest.xml:83:13-43
106            android:exported="false"
106-->src\main\AndroidManifest.xml:84:13-37
107            android:label="ListaFavoritos"
107-->src\main\AndroidManifest.xml:86:13-43
108            android:screenOrientation="portrait" />
108-->src\main\AndroidManifest.xml:85:13-49
109        <activity
109-->src\main\AndroidManifest.xml:87:9-91:43
110            android:name="com.example.gasolapp.CalculadoraRepostaje"
110-->src\main\AndroidManifest.xml:88:13-49
111            android:exported="false"
111-->src\main\AndroidManifest.xml:89:13-37
112            android:label="Calculadora"
112-->src\main\AndroidManifest.xml:91:13-40
113            android:screenOrientation="portrait" />
113-->src\main\AndroidManifest.xml:90:13-49
114        <activity
114-->src\main\AndroidManifest.xml:93:9-97:40
115            android:name="com.example.gasolapp.Graficos"
115-->src\main\AndroidManifest.xml:94:13-37
116            android:exported="false"
116-->src\main\AndroidManifest.xml:95:13-37
117            android:label="Graficos"
117-->src\main\AndroidManifest.xml:97:13-37
118            android:screenOrientation="portrait" />
118-->src\main\AndroidManifest.xml:96:13-49
119        <activity
119-->src\main\AndroidManifest.xml:99:9-112:20
120            android:name="com.example.gasolapp.Login"
120-->src\main\AndroidManifest.xml:100:13-34
121            android:exported="true"
121-->src\main\AndroidManifest.xml:102:13-36
122            android:screenOrientation="portrait" >
122-->src\main\AndroidManifest.xml:101:13-49
123            <intent-filter>
123-->src\main\AndroidManifest.xml:103:13-107:29
124                <action android:name="android.intent.action.MAIN" />
124-->src\main\AndroidManifest.xml:104:17-69
124-->src\main\AndroidManifest.xml:104:25-66
125
126                <category android:name="android.intent.category.LAUNCHER" />
126-->src\main\AndroidManifest.xml:106:17-77
126-->src\main\AndroidManifest.xml:106:27-74
127            </intent-filter>
128
129            <meta-data
129-->src\main\AndroidManifest.xml:24:13-26:36
130                android:name="android.app.lib_name"
130-->src\main\AndroidManifest.xml:25:17-52
131                android:value="" />
131-->src\main\AndroidManifest.xml:26:17-33
132        </activity>
133        <activity
133-->src\main\AndroidManifest.xml:113:9-117:43
134            android:name="com.example.gasolapp.Registro"
134-->src\main\AndroidManifest.xml:114:13-37
135            android:exported="false"
135-->src\main\AndroidManifest.xml:115:13-37
136            android:label="Registrarse"
136-->src\main\AndroidManifest.xml:117:13-40
137            android:screenOrientation="portrait" />
137-->src\main\AndroidManifest.xml:116:13-49
138        <!-- Needs to be explicitly declared on P+ -->
139        <uses-library
139-->[com.google.android.gms:play-services-maps:18.1.0] AndroidManifest.xml:39:9-41:40
140            android:name="org.apache.http.legacy"
140-->[com.google.android.gms:play-services-maps:18.1.0] AndroidManifest.xml:40:13-50
141            android:required="false" />
141-->[com.google.android.gms:play-services-maps:18.1.0] AndroidManifest.xml:41:13-37
142
143        <activity
143-->[com.google.android.gms:play-services-auth:19.2.0] AndroidManifest.xml:23:9-27:75
144            android:name="com.google.android.gms.auth.api.signin.internal.SignInHubActivity"
144-->[com.google.android.gms:play-services-auth:19.2.0] AndroidManifest.xml:24:13-93
145            android:excludeFromRecents="true"
145-->[com.google.android.gms:play-services-auth:19.2.0] AndroidManifest.xml:25:13-46
146            android:exported="false"
146-->[com.google.android.gms:play-services-auth:19.2.0] AndroidManifest.xml:26:13-37
147            android:theme="@android:style/Theme.Translucent.NoTitleBar" />
147-->[com.google.android.gms:play-services-auth:19.2.0] AndroidManifest.xml:27:13-72
148        <!--
149            Service handling Google Sign-In user revocation. For apps that do not integrate with
150            Google Sign-In, this service will never be started.
151        -->
152        <service
152-->[com.google.android.gms:play-services-auth:19.2.0] AndroidManifest.xml:33:9-37:51
153            android:name="com.google.android.gms.auth.api.signin.RevocationBoundService"
153-->[com.google.android.gms:play-services-auth:19.2.0] AndroidManifest.xml:34:13-89
154            android:exported="true"
154-->[com.google.android.gms:play-services-auth:19.2.0] AndroidManifest.xml:35:13-36
155            android:permission="com.google.android.gms.auth.api.signin.permission.REVOCATION_NOTIFICATION"
155-->[com.google.android.gms:play-services-auth:19.2.0] AndroidManifest.xml:36:13-107
156            android:visibleToInstantApps="true" />
156-->[com.google.android.gms:play-services-auth:19.2.0] AndroidManifest.xml:37:13-48
157
158        <meta-data
158-->[com.google.maps.android:android-maps-utils:2.2.0] AndroidManifest.xml:12:9-14:69
159            android:name="com.google.android.gms.version"
159-->[com.google.maps.android:android-maps-utils:2.2.0] AndroidManifest.xml:13:13-58
160            android:value="@integer/google_play_services_version" />
160-->[com.google.maps.android:android-maps-utils:2.2.0] AndroidManifest.xml:14:13-66
161
162        <activity
162-->[com.google.android.gms:play-services-base:18.1.0] AndroidManifest.xml:20:9-22:45
163            android:name="com.google.android.gms.common.api.GoogleApiActivity"
163-->[com.google.android.gms:play-services-base:18.1.0] AndroidManifest.xml:20:19-85
164            android:exported="false"
164-->[com.google.android.gms:play-services-base:18.1.0] AndroidManifest.xml:22:19-43
165            android:theme="@android:style/Theme.Translucent.NoTitleBar" />
165-->[com.google.android.gms:play-services-base:18.1.0] AndroidManifest.xml:21:19-78
166
167        <provider
167-->[androidx.emoji2:emoji2:1.2.0] AndroidManifest.xml:24:9-32:20
168            android:name="androidx.startup.InitializationProvider"
168-->[androidx.emoji2:emoji2:1.2.0] AndroidManifest.xml:25:13-67
169            android:authorities="com.example.gasolapp.androidx-startup"
169-->[androidx.emoji2:emoji2:1.2.0] AndroidManifest.xml:26:13-68
170            android:exported="false" >
170-->[androidx.emoji2:emoji2:1.2.0] AndroidManifest.xml:27:13-37
171            <meta-data
171-->[androidx.emoji2:emoji2:1.2.0] AndroidManifest.xml:29:13-31:52
172                android:name="androidx.emoji2.text.EmojiCompatInitializer"
172-->[androidx.emoji2:emoji2:1.2.0] AndroidManifest.xml:30:17-75
173                android:value="androidx.startup" />
173-->[androidx.emoji2:emoji2:1.2.0] AndroidManifest.xml:31:17-49
174            <meta-data
174-->[androidx.lifecycle:lifecycle-process:2.4.1] AndroidManifest.xml:31:13-33:52
175                android:name="androidx.lifecycle.ProcessLifecycleInitializer"
175-->[androidx.lifecycle:lifecycle-process:2.4.1] AndroidManifest.xml:32:17-78
176                android:value="androidx.startup" />
176-->[androidx.lifecycle:lifecycle-process:2.4.1] AndroidManifest.xml:33:17-49
177        </provider>
178
179        <uses-library
179-->[androidx.window:window:1.0.0] AndroidManifest.xml:25:9-27:40
180            android:name="androidx.window.extensions"
180-->[androidx.window:window:1.0.0] AndroidManifest.xml:26:13-54
181            android:required="false" />
181-->[androidx.window:window:1.0.0] AndroidManifest.xml:27:13-37
182        <uses-library
182-->[androidx.window:window:1.0.0] AndroidManifest.xml:28:9-30:40
183            android:name="androidx.window.sidecar"
183-->[androidx.window:window:1.0.0] AndroidManifest.xml:29:13-51
184            android:required="false" />
184-->[androidx.window:window:1.0.0] AndroidManifest.xml:30:13-37
185    </application>
186
187</manifest>